#
# A fatal error has been detected by the Java Runtime Environment:
#
#  SIGSEGV (0xb) at pc=0x00007f907a04afb0, pid=58882, tid=59062
#
# JRE version: Java(TM) SE Runtime Environment (9.0+11) (build 9.0.4+11)
# Java VM: Java HotSpot(TM) 64-Bit Server VM (9.0.4+11, mixed mode, tiered, compressed oops, g1 gc, linux-amd64)
# Problematic frame:
# C  [librdi_device.so+0x1366fb0]  HDConfig::getArchSeries(std::__cxx11::basic_string<char, std::char_traits<char>, std::allocator<char> > const&)+0x3e0
#
# Core dump will be written. Default location: Core dumps may be processed with "/usr/share/apport/apport %p %s %c %d %P %E" (or dumping to /curr/eddie/recut/fpga/core.58882)
#
# If you would like to submit a bug report, please visit:
#   http://bugreport.java.com/bugreport/crash.jsp
# The crash happened outside the Java Virtual Machine in native code.
# See problematic frame for where to report the bug.
#

---------------  S U M M A R Y ------------

Command Line: -Xms512m -Xmx4096m -XX:+HeapDumpOnOutOfMemoryError --add-modules=ALL-SYSTEM /opt/tools/xilinx/Vitis/2019.2/lnx64/tools/eclipse/plugins/org.eclipse.equinox.launcher_1.4.0.v20161219-1356.jar -configuration /curr/eddie/.vitis_hls/2019.2/.autopilotConfiguration0 -showlocation -vm /opt/tools/xilinx/Vitis/2019.2/tps/lnx64/jre9.0.4/bin/java -clean -data /curr/eddie/.vitis_hls/2019.2/.autopilot_workspace0 -perspective com.autoesl.autopilot.ui.platform.perspective -application com.autoesl.autopilot.ui.platform.application -showsplash /opt/tools/xilinx/Vitis/2019.2/common/icons/splash_dark.bmp

Host: 